<?xml version="1.0" encoding="UTF-8"?>
<!-- Generated by org.testng.reporters.JUnitXMLReporter -->
<testsuite ignored="0" hostname="Aravindh-PC" failures="1" tests="3" name="Free CRM App Test Cases" time="84.954" errors="0" timestamp="27 Apr 2019 01:02:18 GMT">
  <testcase classname="com.crm.qa.testcases.LoginpageTest" name="crmtitletest" time="0.058">
    <failure type="java.lang.AssertionError" message="expected [CRMPRO  - CRM software for customer relationship management, sales, and support.] but found [CRMPRO - CRM software for customer relationship management, sales, and support.]">
      <![CDATA[java.lang.AssertionError: expected [CRMPRO  - CRM software for customer relationship management, sales, and support.] but found [CRMPRO - CRM software for customer relationship management, sales, and support.]
at com.crm.qa.testcases.LoginpageTest.crmtitletest(LoginpageTest.java:33)
... Removed 31 stack frames]]>
    </failure>
  </testcase> <!-- crmtitletest -->
  <testcase classname="com.crm.qa.testcases.HomepageTest" name="homepagetitletest" time="0.032"/>
  <testcase classname="com.crm.qa.testcases.ContactspageTest" name="contactslabeltest" time="0.117"/>
</testsuite> <!-- Free CRM App Test Cases -->
