<?xml version="1.0" encoding="UTF-8"?>
<!-- Generated by org.testng.reporters.JUnitXMLReporter -->
<testsuite ignored="4" hostname="Aravindh-PC" failures="0" tests="1" name="Default test" time="35.665" errors="0" timestamp="27 Apr 2019 00:50:28 GMT">
  <testcase classname="com.crm.qa.testcases.ContactspageTest" name="selectmultiplecontact" time="0.464"/>
  <testcase classname="com.crm.qa.testcases.ContactspageTest" name="createnewcontactmain" time="0.0">
    <ignored/>
  </testcase> <!-- createnewcontactmain -->
  <testcase classname="com.crm.qa.testcases.ContactspageTest" name="selectonecontact" time="0.0">
    <ignored/>
  </testcase> <!-- selectonecontact -->
  <testcase classname="com.crm.qa.testcases.ContactspageTest" name="selectcontact" time="0.0">
    <ignored/>
  </testcase> <!-- selectcontact -->
  <testcase classname="com.crm.qa.testcases.ContactspageTest" name="contactslabeltest" time="0.0">
    <ignored/>
  </testcase> <!-- contactslabeltest -->
</testsuite> <!-- Default test -->
