<?xml version="1.0" encoding="UTF-8" ?>
<testsuite tests="14" failures="1" name="TestSuite" time="78.412" errors="0" skipped="0">
  <properties>
[...]
</properties>
  <testcase classname="com.crm.qa.testcases.ContactspageTest" name="contactslabeltest" time="0.295"/>
  <testcase classname="com.crm.qa.testcases.HomepageTest" name="homepagetitletest" time="0.081"/>
  <testcase classname="com.crm.qa.testcases.LoginpageTest" name="crmtitletest" time="0.054">
    <failure message="expected [CRMPRO  - CRM software for customer relationship management, sales, and support.] but found [CRMPRO - CRM software for customer relationship management, sales, and support.]" type="java.lang.AssertionError">java.lang.AssertionError: expected [CRMPRO  - CRM software for customer relationship management, sales, and support.] but found [CRMPRO - CRM software for customer relationship management, sales, and support.]
	at org.testng.Assert.fail(Assert.java:93)
	at org.testng.Assert.failNotEquals(Assert.java:512)
	at org.testng.Assert.assertEqualsImpl(Assert.java:134)
	at org.testng.Assert.assertEquals(Assert.java:115)
	at org.testng.Assert.assertEquals(Assert.java:189)
	at org.testng.Assert.assertEquals(Assert.java:199)
	at com.crm.qa.testcases.LoginpageTest.crmtitletest(LoginpageTest.java:33)
</failure>
    <system-out>Before navigating to: &apos;https://classic.crmpro.com&apos;
Navigated to:&apos;https://classic.crmpro.com&apos;
</system-out>
    <system-err>Starting ChromeDriver 73.0.3683.68 (47787ec04b6e38e22703e856e101e840b65afe72) on port 24450
Only local connections are allowed.
Please protect ports used by ChromeDriver and related test frameworks to prevent access by malicious code.
Apr 27, 2019 12:32:54 PM org.openqa.selenium.remote.ProtocolHandshake createSession
INFO: Detected dialect: OSS
</system-err>
  </testcase>
  <testcase classname="com.crm.qa.testcases.ContactspageTest" name="selectonecontact" time="0.475"/>
  <testcase classname="com.crm.qa.testcases.HomepageTest" name="userlabeltest" time="0.216"/>
  <testcase classname="com.crm.qa.testcases.LoginpageTest" name="crmlogotest" time="0.214"/>
  <testcase classname="com.crm.qa.testcases.ContactspageTest" name="selectcontact" time="12.685"/>
  <testcase classname="com.crm.qa.testcases.ContactspageTest" name="selectmultiplecontact" time="0.503"/>
  <testcase classname="com.crm.qa.testcases.HomepageTest" name="newcontacttest" time="5.682"/>
  <testcase classname="com.crm.qa.testcases.LoginpageTest" name="crmsignUptest" time="0.076"/>
  <testcase classname="com.crm.qa.testcases.ContactspageTest" name="createnewcontactmain" time="12.487"/>
  <testcase classname="com.crm.qa.testcases.ContactspageTest" name="createnewcontactmain" time="12.728"/>
  <testcase classname="com.crm.qa.testcases.ContactspageTest" name="createnewcontactmain" time="11.87"/>
  <testcase classname="com.crm.qa.testcases.LoginpageTest" name="logintest" time="21.046"/>
</testsuite>